<?xml version="1.0" encoding="UTF-8"?>
<testsuite xmlns:xsi="http://www.w3.org/2001/XMLSchema-instance" xsi:noNamespaceSchemaLocation="https://maven.apache.org/surefire/maven-surefire-plugin/xsd/surefire-test-report-3.0.xsd" version="3.0" name="com.friend.PerkApplicationTests" time="7.515" tests="1" errors="0" skipped="0" failures="0">
  <properties>
    <property name="java.specification.version" value="17"/>
    <property name="sun.cpu.isalist" value="amd64"/>
    <property name="sun.jnu.encoding" value="GBK"/>
    <property name="java.class.path" value="C:\Users\CHaron\Desktop\CENTRAL PERK\perk\target\test-classes;C:\Users\CHaron\Desktop\CENTRAL PERK\perk\target\classes;C:\envs\maven\maven-repository\org\springframework\boot\spring-boot-starter-web\3.1.5\spring-boot-starter-web-3.1.5.jar;C:\envs\maven\maven-repository\org\springframework\boot\spring-boot-starter\3.1.5\spring-boot-starter-3.1.5.jar;C:\envs\maven\maven-repository\org\springframework\boot\spring-boot-starter-logging\3.1.5\spring-boot-starter-logging-3.1.5.jar;C:\envs\maven\maven-repository\ch\qos\logback\logback-classic\1.4.11\logback-classic-1.4.11.jar;C:\envs\maven\maven-repository\ch\qos\logback\logback-core\1.4.11\logback-core-1.4.11.jar;C:\envs\maven\maven-repository\org\apache\logging\log4j\log4j-to-slf4j\2.20.0\log4j-to-slf4j-2.20.0.jar;C:\envs\maven\maven-repository\org\apache\logging\log4j\log4j-api\2.20.0\log4j-api-2.20.0.jar;C:\envs\maven\maven-repository\org\slf4j\jul-to-slf4j\2.0.9\jul-to-slf4j-2.0.9.jar;C:\envs\maven\maven-repository\org\yaml\snakeyaml\1.33\snakeyaml-1.33.jar;C:\envs\maven\maven-repository\org\springframework\boot\spring-boot-starter-json\3.1.5\spring-boot-starter-json-3.1.5.jar;C:\envs\maven\maven-repository\com\fasterxml\jackson\datatype\jackson-datatype-jdk8\2.15.3\jackson-datatype-jdk8-2.15.3.jar;C:\envs\maven\maven-repository\com\fasterxml\jackson\datatype\jackson-datatype-jsr310\2.15.3\jackson-datatype-jsr310-2.15.3.jar;C:\envs\maven\maven-repository\com\fasterxml\jackson\module\jackson-module-parameter-names\2.15.3\jackson-module-parameter-names-2.15.3.jar;C:\envs\maven\maven-repository\org\springframework\boot\spring-boot-starter-tomcat\3.1.5\spring-boot-starter-tomcat-3.1.5.jar;C:\envs\maven\maven-repository\org\apache\tomcat\embed\tomcat-embed-el\10.1.15\tomcat-embed-el-10.1.15.jar;C:\envs\maven\maven-repository\org\apache\tomcat\embed\tomcat-embed-websocket\10.1.15\tomcat-embed-websocket-10.1.15.jar;C:\envs\maven\maven-repository\org\springframework\spring-webmvc\6.0.13\spring-webmvc-6.0.13.jar;C:\envs\maven\maven-repository\com\mysql\mysql-connector-j\8.0.33\mysql-connector-j-8.0.33.jar;C:\envs\maven\maven-repository\org\projectlombok\lombok\1.18.30\lombok-1.18.30.jar;C:\envs\maven\maven-repository\org\springframework\boot\spring-boot-starter-test\3.1.5\spring-boot-starter-test-3.1.5.jar;C:\envs\maven\maven-repository\org\springframework\boot\spring-boot-test\3.1.5\spring-boot-test-3.1.5.jar;C:\envs\maven\maven-repository\org\springframework\boot\spring-boot-test-autoconfigure\3.1.5\spring-boot-test-autoconfigure-3.1.5.jar;C:\envs\maven\maven-repository\com\jayway\jsonpath\json-path\2.8.0\json-path-2.8.0.jar;C:\envs\maven\maven-repository\jakarta\xml\bind\jakarta.xml.bind-api\4.0.1\jakarta.xml.bind-api-4.0.1.jar;C:\envs\maven\maven-repository\jakarta\activation\jakarta.activation-api\2.1.2\jakarta.activation-api-2.1.2.jar;C:\envs\maven\maven-repository\net\minidev\json-smart\2.4.11\json-smart-2.4.11.jar;C:\envs\maven\maven-repository\net\minidev\accessors-smart\2.4.11\accessors-smart-2.4.11.jar;C:\envs\maven\maven-repository\org\ow2\asm\asm\9.3\asm-9.3.jar;C:\envs\maven\maven-repository\org\assertj\assertj-core\3.24.2\assertj-core-3.24.2.jar;C:\envs\maven\maven-repository\net\bytebuddy\byte-buddy\1.14.9\byte-buddy-1.14.9.jar;C:\envs\maven\maven-repository\org\hamcrest\hamcrest\2.2\hamcrest-2.2.jar;C:\envs\maven\maven-repository\org\junit\jupiter\junit-jupiter\5.9.3\junit-jupiter-5.9.3.jar;C:\envs\maven\maven-repository\org\junit\jupiter\junit-jupiter-api\5.9.3\junit-jupiter-api-5.9.3.jar;C:\envs\maven\maven-repository\org\opentest4j\opentest4j\1.2.0\opentest4j-1.2.0.jar;C:\envs\maven\maven-repository\org\junit\platform\junit-platform-commons\1.9.3\junit-platform-commons-1.9.3.jar;C:\envs\maven\maven-repository\org\apiguardian\apiguardian-api\1.1.2\apiguardian-api-1.1.2.jar;C:\envs\maven\maven-repository\org\junit\jupiter\junit-jupiter-params\5.9.3\junit-jupiter-params-5.9.3.jar;C:\envs\maven\maven-repository\org\junit\jupiter\junit-jupiter-engine\5.9.3\junit-jupiter-engine-5.9.3.jar;C:\envs\maven\maven-repository\org\junit\platform\junit-platform-engine\1.9.3\junit-platform-engine-1.9.3.jar;C:\envs\maven\maven-repository\org\mockito\mockito-core\5.3.1\mockito-core-5.3.1.jar;C:\envs\maven\maven-repository\net\bytebuddy\byte-buddy-agent\1.14.9\byte-buddy-agent-1.14.9.jar;C:\envs\maven\maven-repository\org\objenesis\objenesis\3.3\objenesis-3.3.jar;C:\envs\maven\maven-repository\org\mockito\mockito-junit-jupiter\5.3.1\mockito-junit-jupiter-5.3.1.jar;C:\envs\maven\maven-repository\org\skyscreamer\jsonassert\1.5.1\jsonassert-1.5.1.jar;C:\envs\maven\maven-repository\com\vaadin\external\google\android-json\0.0.20131108.vaadin1\android-json-0.0.20131108.vaadin1.jar;C:\envs\maven\maven-repository\org\springframework\spring-core\6.0.13\spring-core-6.0.13.jar;C:\envs\maven\maven-repository\org\springframework\spring-jcl\6.0.13\spring-jcl-6.0.13.jar;C:\envs\maven\maven-repository\org\springframework\spring-test\6.0.13\spring-test-6.0.13.jar;C:\envs\maven\maven-repository\org\xmlunit\xmlunit-core\2.9.1\xmlunit-core-2.9.1.jar;C:\envs\maven\maven-repository\org\mybatis\spring\boot\mybatis-spring-boot-starter-test\3.0.2\mybatis-spring-boot-starter-test-3.0.2.jar;C:\envs\maven\maven-repository\org\mybatis\spring\boot\mybatis-spring-boot-test-autoconfigure\3.0.2\mybatis-spring-boot-test-autoconfigure-3.0.2.jar;C:\envs\maven\maven-repository\org\springframework\spring-tx\6.0.13\spring-tx-6.0.13.jar;C:\envs\maven\maven-repository\org\springframework\boot\spring-boot-starter-mail\3.1.5\spring-boot-starter-mail-3.1.5.jar;C:\envs\maven\maven-repository\org\eclipse\angus\jakarta.mail\1.1.0\jakarta.mail-1.1.0.jar;C:\envs\maven\maven-repository\org\eclipse\angus\angus-activation\2.0.1\angus-activation-2.0.1.jar;C:\envs\maven\maven-repository\org\mybatis\spring\boot\mybatis-spring-boot-starter\3.0.2\mybatis-spring-boot-starter-3.0.2.jar;C:\envs\maven\maven-repository\org\springframework\boot\spring-boot-starter-jdbc\3.1.5\spring-boot-starter-jdbc-3.1.5.jar;C:\envs\maven\maven-repository\com\zaxxer\HikariCP\5.0.1\HikariCP-5.0.1.jar;C:\envs\maven\maven-repository\org\springframework\spring-jdbc\6.0.13\spring-jdbc-6.0.13.jar;C:\envs\maven\maven-repository\org\mybatis\spring\boot\mybatis-spring-boot-autoconfigure\3.0.2\mybatis-spring-boot-autoconfigure-3.0.2.jar;C:\envs\maven\maven-repository\org\mybatis\mybatis\3.5.13\mybatis-3.5.13.jar;C:\envs\maven\maven-repository\org\springframework\boot\spring-boot\3.1.5\spring-boot-3.1.5.jar;C:\envs\maven\maven-repository\cn\hutool\hutool-all\5.8.22\hutool-all-5.8.22.jar;C:\envs\maven\maven-repository\com\github\jsqlparser\jsqlparser\4.7\jsqlparser-4.7.jar;C:\envs\maven\maven-repository\junit\junit\4.13.2\junit-4.13.2.jar;C:\envs\maven\maven-repository\org\hamcrest\hamcrest-core\2.2\hamcrest-core-2.2.jar;C:\envs\maven\maven-repository\javax\servlet\javax.servlet-api\4.0.1\javax.servlet-api-4.0.1.jar;C:\envs\maven\maven-repository\com\fasterxml\jackson\core\jackson-databind\2.15.3\jackson-databind-2.15.3.jar;C:\envs\maven\maven-repository\com\fasterxml\jackson\core\jackson-annotations\2.15.3\jackson-annotations-2.15.3.jar;C:\envs\maven\maven-repository\com\fasterxml\jackson\core\jackson-core\2.15.3\jackson-core-2.15.3.jar;C:\envs\maven\maven-repository\org\springframework\spring-context-support\6.0.13\spring-context-support-6.0.13.jar;C:\envs\maven\maven-repository\org\springframework\spring-beans\6.0.13\spring-beans-6.0.13.jar;C:\envs\maven\maven-repository\jakarta\annotation\jakarta.annotation-api\2.1.1\jakarta.annotation-api-2.1.1.jar;C:\envs\maven\maven-repository\org\springframework\spring-context\6.0.13\spring-context-6.0.13.jar;C:\envs\maven\maven-repository\org\springframework\spring-aop\6.0.13\spring-aop-6.0.13.jar;C:\envs\maven\maven-repository\org\springframework\spring-expression\6.0.13\spring-expression-6.0.13.jar;C:\envs\maven\maven-repository\org\testng\testng\7.8.0\testng-7.8.0.jar;C:\envs\maven\maven-repository\org\slf4j\slf4j-api\2.0.9\slf4j-api-2.0.9.jar;C:\envs\maven\maven-repository\com\beust\jcommander\1.82\jcommander-1.82.jar;C:\envs\maven\maven-repository\org\webjars\jquery\3.6.1\jquery-3.6.1.jar;C:\envs\maven\maven-repository\org\springframework\spring-web\6.0.13\spring-web-6.0.13.jar;C:\envs\maven\maven-repository\io\micrometer\micrometer-observation\1.11.5\micrometer-observation-1.11.5.jar;C:\envs\maven\maven-repository\io\micrometer\micrometer-commons\1.11.5\micrometer-commons-1.11.5.jar;C:\envs\maven\maven-repository\org\mybatis\mybatis-spring\3.0.2\mybatis-spring-3.0.2.jar;C:\envs\maven\maven-repository\org\springframework\boot\spring-boot-autoconfigure\3.1.5\spring-boot-autoconfigure-3.1.5.jar;C:\envs\maven\maven-repository\org\apache\tomcat\embed\tomcat-embed-core\10.1.15\tomcat-embed-core-10.1.15.jar;C:\envs\maven\maven-repository\org\apache\tomcat\tomcat-annotations-api\10.1.15\tomcat-annotations-api-10.1.15.jar;C:\envs\maven\maven-repository\com\alipay\sdk\alipay-sdk-java\4.38.128.ALL\alipay-sdk-java-4.38.128.ALL.jar;C:\envs\maven\maven-repository\commons-logging\commons-logging\1.1.1\commons-logging-1.1.1.jar;C:\envs\maven\maven-repository\com\alibaba\fastjson\1.2.83_noneautotype\fastjson-1.2.83_noneautotype.jar;C:\envs\maven\maven-repository\org\bouncycastle\bcprov-jdk15on\1.62\bcprov-jdk15on-1.62.jar;C:\envs\maven\maven-repository\dom4j\dom4j\1.6.1\dom4j-1.6.1.jar;C:\envs\maven\maven-repository\xml-apis\xml-apis\1.0.b2\xml-apis-1.0.b2.jar;C:\envs\maven\maven-repository\com\squareup\okhttp3\okhttp\4.10.0\okhttp-4.10.0.jar;C:\envs\maven\maven-repository\com\squareup\okio\okio-jvm\3.0.0\okio-jvm-3.0.0.jar;C:\envs\maven\maven-repository\org\jetbrains\kotlin\kotlin-stdlib-jdk8\1.8.22\kotlin-stdlib-jdk8-1.8.22.jar;C:\envs\maven\maven-repository\org\jetbrains\kotlin\kotlin-stdlib-jdk7\1.8.22\kotlin-stdlib-jdk7-1.8.22.jar;C:\envs\maven\maven-repository\org\jetbrains\kotlin\kotlin-stdlib-common\1.8.22\kotlin-stdlib-common-1.8.22.jar;C:\envs\maven\maven-repository\org\jetbrains\kotlin\kotlin-stdlib\1.8.22\kotlin-stdlib-1.8.22.jar;C:\envs\maven\maven-repository\org\jetbrains\annotations\13.0\annotations-13.0.jar;C:\envs\maven\maven-repository\com\baomidou\mybatis-plus-core\3.5.4\mybatis-plus-core-3.5.4.jar;C:\envs\maven\maven-repository\com\baomidou\mybatis-plus-annotation\3.5.4\mybatis-plus-annotation-3.5.4.jar;C:\envs\maven\maven-repository\javax\annotation\javax.annotation-api\1.2\javax.annotation-api-1.2.jar;"/>
    <property name="java.vm.vendor" value="Oracle Corporation"/>
    <property name="sun.arch.data.model" value="64"/>
    <property name="user.variant" value=""/>
    <property name="java.vendor.url" value="https://java.oracle.com/"/>
    <property name="user.timezone" value="Asia/Shanghai"/>
    <property name="os.name" value="Windows 11"/>
    <property name="java.vm.specification.version" value="17"/>
    <property name="sun.java.launcher" value="SUN_STANDARD"/>
    <property name="user.country" value="CN"/>
    <property name="sun.boot.library.path" value="C:\envs\Java\jdk-17\bin"/>
    <property name="sun.java.command" value="C:\Users\CHaron\AppData\Local\Temp\surefire5019332043433822815\surefirebooter-20231121154502290_3.jar C:\Users\CHaron\AppData\Local\Temp\surefire5019332043433822815 2023-11-21T15-45-01_768-jvmRun1 surefire-20231121154502290_1tmp surefire_0-20231121154502290_2tmp"/>
    <property name="jdk.debug" value="release"/>
    <property name="surefire.test.class.path" value="C:\Users\CHaron\Desktop\CENTRAL PERK\perk\target\test-classes;C:\Users\CHaron\Desktop\CENTRAL PERK\perk\target\classes;C:\envs\maven\maven-repository\org\springframework\boot\spring-boot-starter-web\3.1.5\spring-boot-starter-web-3.1.5.jar;C:\envs\maven\maven-repository\org\springframework\boot\spring-boot-starter\3.1.5\spring-boot-starter-3.1.5.jar;C:\envs\maven\maven-repository\org\springframework\boot\spring-boot-starter-logging\3.1.5\spring-boot-starter-logging-3.1.5.jar;C:\envs\maven\maven-repository\ch\qos\logback\logback-classic\1.4.11\logback-classic-1.4.11.jar;C:\envs\maven\maven-repository\ch\qos\logback\logback-core\1.4.11\logback-core-1.4.11.jar;C:\envs\maven\maven-repository\org\apache\logging\log4j\log4j-to-slf4j\2.20.0\log4j-to-slf4j-2.20.0.jar;C:\envs\maven\maven-repository\org\apache\logging\log4j\log4j-api\2.20.0\log4j-api-2.20.0.jar;C:\envs\maven\maven-repository\org\slf4j\jul-to-slf4j\2.0.9\jul-to-slf4j-2.0.9.jar;C:\envs\maven\maven-repository\org\yaml\snakeyaml\1.33\snakeyaml-1.33.jar;C:\envs\maven\maven-repository\org\springframework\boot\spring-boot-starter-json\3.1.5\spring-boot-starter-json-3.1.5.jar;C:\envs\maven\maven-repository\com\fasterxml\jackson\datatype\jackson-datatype-jdk8\2.15.3\jackson-datatype-jdk8-2.15.3.jar;C:\envs\maven\maven-repository\com\fasterxml\jackson\datatype\jackson-datatype-jsr310\2.15.3\jackson-datatype-jsr310-2.15.3.jar;C:\envs\maven\maven-repository\com\fasterxml\jackson\module\jackson-module-parameter-names\2.15.3\jackson-module-parameter-names-2.15.3.jar;C:\envs\maven\maven-repository\org\springframework\boot\spring-boot-starter-tomcat\3.1.5\spring-boot-starter-tomcat-3.1.5.jar;C:\envs\maven\maven-repository\org\apache\tomcat\embed\tomcat-embed-el\10.1.15\tomcat-embed-el-10.1.15.jar;C:\envs\maven\maven-repository\org\apache\tomcat\embed\tomcat-embed-websocket\10.1.15\tomcat-embed-websocket-10.1.15.jar;C:\envs\maven\maven-repository\org\springframework\spring-webmvc\6.0.13\spring-webmvc-6.0.13.jar;C:\envs\maven\maven-repository\com\mysql\mysql-connector-j\8.0.33\mysql-connector-j-8.0.33.jar;C:\envs\maven\maven-repository\org\projectlombok\lombok\1.18.30\lombok-1.18.30.jar;C:\envs\maven\maven-repository\org\springframework\boot\spring-boot-starter-test\3.1.5\spring-boot-starter-test-3.1.5.jar;C:\envs\maven\maven-repository\org\springframework\boot\spring-boot-test\3.1.5\spring-boot-test-3.1.5.jar;C:\envs\maven\maven-repository\org\springframework\boot\spring-boot-test-autoconfigure\3.1.5\spring-boot-test-autoconfigure-3.1.5.jar;C:\envs\maven\maven-repository\com\jayway\jsonpath\json-path\2.8.0\json-path-2.8.0.jar;C:\envs\maven\maven-repository\jakarta\xml\bind\jakarta.xml.bind-api\4.0.1\jakarta.xml.bind-api-4.0.1.jar;C:\envs\maven\maven-repository\jakarta\activation\jakarta.activation-api\2.1.2\jakarta.activation-api-2.1.2.jar;C:\envs\maven\maven-repository\net\minidev\json-smart\2.4.11\json-smart-2.4.11.jar;C:\envs\maven\maven-repository\net\minidev\accessors-smart\2.4.11\accessors-smart-2.4.11.jar;C:\envs\maven\maven-repository\org\ow2\asm\asm\9.3\asm-9.3.jar;C:\envs\maven\maven-repository\org\assertj\assertj-core\3.24.2\assertj-core-3.24.2.jar;C:\envs\maven\maven-repository\net\bytebuddy\byte-buddy\1.14.9\byte-buddy-1.14.9.jar;C:\envs\maven\maven-repository\org\hamcrest\hamcrest\2.2\hamcrest-2.2.jar;C:\envs\maven\maven-repository\org\junit\jupiter\junit-jupiter\5.9.3\junit-jupiter-5.9.3.jar;C:\envs\maven\maven-repository\org\junit\jupiter\junit-jupiter-api\5.9.3\junit-jupiter-api-5.9.3.jar;C:\envs\maven\maven-repository\org\opentest4j\opentest4j\1.2.0\opentest4j-1.2.0.jar;C:\envs\maven\maven-repository\org\junit\platform\junit-platform-commons\1.9.3\junit-platform-commons-1.9.3.jar;C:\envs\maven\maven-repository\org\apiguardian\apiguardian-api\1.1.2\apiguardian-api-1.1.2.jar;C:\envs\maven\maven-repository\org\junit\jupiter\junit-jupiter-params\5.9.3\junit-jupiter-params-5.9.3.jar;C:\envs\maven\maven-repository\org\junit\jupiter\junit-jupiter-engine\5.9.3\junit-jupiter-engine-5.9.3.jar;C:\envs\maven\maven-repository\org\junit\platform\junit-platform-engine\1.9.3\junit-platform-engine-1.9.3.jar;C:\envs\maven\maven-repository\org\mockito\mockito-core\5.3.1\mockito-core-5.3.1.jar;C:\envs\maven\maven-repository\net\bytebuddy\byte-buddy-agent\1.14.9\byte-buddy-agent-1.14.9.jar;C:\envs\maven\maven-repository\org\objenesis\objenesis\3.3\objenesis-3.3.jar;C:\envs\maven\maven-repository\org\mockito\mockito-junit-jupiter\5.3.1\mockito-junit-jupiter-5.3.1.jar;C:\envs\maven\maven-repository\org\skyscreamer\jsonassert\1.5.1\jsonassert-1.5.1.jar;C:\envs\maven\maven-repository\com\vaadin\external\google\android-json\0.0.20131108.vaadin1\android-json-0.0.20131108.vaadin1.jar;C:\envs\maven\maven-repository\org\springframework\spring-core\6.0.13\spring-core-6.0.13.jar;C:\envs\maven\maven-repository\org\springframework\spring-jcl\6.0.13\spring-jcl-6.0.13.jar;C:\envs\maven\maven-repository\org\springframework\spring-test\6.0.13\spring-test-6.0.13.jar;C:\envs\maven\maven-repository\org\xmlunit\xmlunit-core\2.9.1\xmlunit-core-2.9.1.jar;C:\envs\maven\maven-repository\org\mybatis\spring\boot\mybatis-spring-boot-starter-test\3.0.2\mybatis-spring-boot-starter-test-3.0.2.jar;C:\envs\maven\maven-repository\org\mybatis\spring\boot\mybatis-spring-boot-test-autoconfigure\3.0.2\mybatis-spring-boot-test-autoconfigure-3.0.2.jar;C:\envs\maven\maven-repository\org\springframework\spring-tx\6.0.13\spring-tx-6.0.13.jar;C:\envs\maven\maven-repository\org\springframework\boot\spring-boot-starter-mail\3.1.5\spring-boot-starter-mail-3.1.5.jar;C:\envs\maven\maven-repository\org\eclipse\angus\jakarta.mail\1.1.0\jakarta.mail-1.1.0.jar;C:\envs\maven\maven-repository\org\eclipse\angus\angus-activation\2.0.1\angus-activation-2.0.1.jar;C:\envs\maven\maven-repository\org\mybatis\spring\boot\mybatis-spring-boot-starter\3.0.2\mybatis-spring-boot-starter-3.0.2.jar;C:\envs\maven\maven-repository\org\springframework\boot\spring-boot-starter-jdbc\3.1.5\spring-boot-starter-jdbc-3.1.5.jar;C:\envs\maven\maven-repository\com\zaxxer\HikariCP\5.0.1\HikariCP-5.0.1.jar;C:\envs\maven\maven-repository\org\springframework\spring-jdbc\6.0.13\spring-jdbc-6.0.13.jar;C:\envs\maven\maven-repository\org\mybatis\spring\boot\mybatis-spring-boot-autoconfigure\3.0.2\mybatis-spring-boot-autoconfigure-3.0.2.jar;C:\envs\maven\maven-repository\org\mybatis\mybatis\3.5.13\mybatis-3.5.13.jar;C:\envs\maven\maven-repository\org\springframework\boot\spring-boot\3.1.5\spring-boot-3.1.5.jar;C:\envs\maven\maven-repository\cn\hutool\hutool-all\5.8.22\hutool-all-5.8.22.jar;C:\envs\maven\maven-repository\com\github\jsqlparser\jsqlparser\4.7\jsqlparser-4.7.jar;C:\envs\maven\maven-repository\junit\junit\4.13.2\junit-4.13.2.jar;C:\envs\maven\maven-repository\org\hamcrest\hamcrest-core\2.2\hamcrest-core-2.2.jar;C:\envs\maven\maven-repository\javax\servlet\javax.servlet-api\4.0.1\javax.servlet-api-4.0.1.jar;C:\envs\maven\maven-repository\com\fasterxml\jackson\core\jackson-databind\2.15.3\jackson-databind-2.15.3.jar;C:\envs\maven\maven-repository\com\fasterxml\jackson\core\jackson-annotations\2.15.3\jackson-annotations-2.15.3.jar;C:\envs\maven\maven-repository\com\fasterxml\jackson\core\jackson-core\2.15.3\jackson-core-2.15.3.jar;C:\envs\maven\maven-repository\org\springframework\spring-context-support\6.0.13\spring-context-support-6.0.13.jar;C:\envs\maven\maven-repository\org\springframework\spring-beans\6.0.13\spring-beans-6.0.13.jar;C:\envs\maven\maven-repository\jakarta\annotation\jakarta.annotation-api\2.1.1\jakarta.annotation-api-2.1.1.jar;C:\envs\maven\maven-repository\org\springframework\spring-context\6.0.13\spring-context-6.0.13.jar;C:\envs\maven\maven-repository\org\springframework\spring-aop\6.0.13\spring-aop-6.0.13.jar;C:\envs\maven\maven-repository\org\springframework\spring-expression\6.0.13\spring-expression-6.0.13.jar;C:\envs\maven\maven-repository\org\testng\testng\7.8.0\testng-7.8.0.jar;C:\envs\maven\maven-repository\org\slf4j\slf4j-api\2.0.9\slf4j-api-2.0.9.jar;C:\envs\maven\maven-repository\com\beust\jcommander\1.82\jcommander-1.82.jar;C:\envs\maven\maven-repository\org\webjars\jquery\3.6.1\jquery-3.6.1.jar;C:\envs\maven\maven-repository\org\springframework\spring-web\6.0.13\spring-web-6.0.13.jar;C:\envs\maven\maven-repository\io\micrometer\micrometer-observation\1.11.5\micrometer-observation-1.11.5.jar;C:\envs\maven\maven-repository\io\micrometer\micrometer-commons\1.11.5\micrometer-commons-1.11.5.jar;C:\envs\maven\maven-repository\org\mybatis\mybatis-spring\3.0.2\mybatis-spring-3.0.2.jar;C:\envs\maven\maven-repository\org\springframework\boot\spring-boot-autoconfigure\3.1.5\spring-boot-autoconfigure-3.1.5.jar;C:\envs\maven\maven-repository\org\apache\tomcat\embed\tomcat-embed-core\10.1.15\tomcat-embed-core-10.1.15.jar;C:\envs\maven\maven-repository\org\apache\tomcat\tomcat-annotations-api\10.1.15\tomcat-annotations-api-10.1.15.jar;C:\envs\maven\maven-repository\com\alipay\sdk\alipay-sdk-java\4.38.128.ALL\alipay-sdk-java-4.38.128.ALL.jar;C:\envs\maven\maven-repository\commons-logging\commons-logging\1.1.1\commons-logging-1.1.1.jar;C:\envs\maven\maven-repository\com\alibaba\fastjson\1.2.83_noneautotype\fastjson-1.2.83_noneautotype.jar;C:\envs\maven\maven-repository\org\bouncycastle\bcprov-jdk15on\1.62\bcprov-jdk15on-1.62.jar;C:\envs\maven\maven-repository\dom4j\dom4j\1.6.1\dom4j-1.6.1.jar;C:\envs\maven\maven-repository\xml-apis\xml-apis\1.0.b2\xml-apis-1.0.b2.jar;C:\envs\maven\maven-repository\com\squareup\okhttp3\okhttp\4.10.0\okhttp-4.10.0.jar;C:\envs\maven\maven-repository\com\squareup\okio\okio-jvm\3.0.0\okio-jvm-3.0.0.jar;C:\envs\maven\maven-repository\org\jetbrains\kotlin\kotlin-stdlib-jdk8\1.8.22\kotlin-stdlib-jdk8-1.8.22.jar;C:\envs\maven\maven-repository\org\jetbrains\kotlin\kotlin-stdlib-jdk7\1.8.22\kotlin-stdlib-jdk7-1.8.22.jar;C:\envs\maven\maven-repository\org\jetbrains\kotlin\kotlin-stdlib-common\1.8.22\kotlin-stdlib-common-1.8.22.jar;C:\envs\maven\maven-repository\org\jetbrains\kotlin\kotlin-stdlib\1.8.22\kotlin-stdlib-1.8.22.jar;C:\envs\maven\maven-repository\org\jetbrains\annotations\13.0\annotations-13.0.jar;C:\envs\maven\maven-repository\com\baomidou\mybatis-plus-core\3.5.4\mybatis-plus-core-3.5.4.jar;C:\envs\maven\maven-repository\com\baomidou\mybatis-plus-annotation\3.5.4\mybatis-plus-annotation-3.5.4.jar;C:\envs\maven\maven-repository\javax\annotation\javax.annotation-api\1.2\javax.annotation-api-1.2.jar;"/>
    <property name="sun.cpu.endian" value="little"/>
    <property name="user.home" value="C:\Users\CHaron"/>
    <property name="user.language" value="zh"/>
    <property name="java.specification.vendor" value="Oracle Corporation"/>
    <property name="java.version.date" value="2023-07-18"/>
    <property name="java.home" value="C:\envs\Java\jdk-17"/>
    <property name="file.separator" value="\"/>
    <property name="basedir" value="C:\Users\CHaron\Desktop\CENTRAL PERK\perk"/>
    <property name="java.vm.compressedOopsMode" value="Zero based"/>
    <property name="line.separator" value="&#10;"/>
    <property name="java.vm.specification.vendor" value="Oracle Corporation"/>
    <property name="java.specification.name" value="Java Platform API Specification"/>
    <property name="FILE_LOG_CHARSET" value="GBK"/>
    <property name="java.awt.headless" value="true"/>
    <property name="surefire.real.class.path" value="C:\Users\CHaron\AppData\Local\Temp\surefire5019332043433822815\surefirebooter-20231121154502290_3.jar"/>
    <property name="user.script" value=""/>
    <property name="sun.management.compiler" value="HotSpot 64-Bit Tiered Compilers"/>
    <property name="java.runtime.version" value="17.0.8+9-LTS-211"/>
    <property name="user.name" value="CHaron"/>
    <property name="path.separator" value=";"/>
    <property name="os.version" value="10.0"/>
    <property name="java.runtime.name" value="Java(TM) SE Runtime Environment"/>
    <property name="file.encoding" value="GBK"/>
    <property name="java.vm.name" value="Java HotSpot(TM) 64-Bit Server VM"/>
    <property name="localRepository" value="C:\envs\maven\maven-repository"/>
    <property name="java.vendor.url.bug" value="https://bugreport.java.com/bugreport/"/>
    <property name="java.io.tmpdir" value="C:\Users\CHaron\AppData\Local\Temp\"/>
    <property name="idea.version" value="2022.2.3"/>
    <property name="java.version" value="17.0.8"/>
    <property name="user.dir" value="C:\Users\CHaron\Desktop\CENTRAL PERK\perk"/>
    <property name="os.arch" value="amd64"/>
    <property name="java.vm.specification.name" value="Java Virtual Machine Specification"/>
    <property name="PID" value="6276"/>
    <property name="sun.os.patch.level" value=""/>
    <property name="CONSOLE_LOG_CHARSET" value="GBK"/>
    <property name="native.encoding" value="GBK"/>
    <property name="java.library.path" value="C:\envs\Java\jdk-17\bin;C:\WINDOWS\Sun\Java\bin;C:\WINDOWS\system32;C:\WINDOWS;C:\software\VMware\VMware Workstation\bin\;C:\Program Files\Common Files\Oracle\Java\javapath;C:\Program Files (x86)\Common Files\Oracle\Java\javapath;C:\envs\Python\3_11_6\Scripts\;C:\envs\Python\3_11_6\;C:\WINDOWS\system32;C:\WINDOWS;C:\WINDOWS\System32\Wbem;C:\WINDOWS\System32\WindowsPowerShell\v1.0\;C:\WINDOWS\System32\OpenSSH\;C:\envs\Java\jdk-17bin;C:\envs\mingw64\bin;C:\envs\nodejs\;C:\envs\nodejs\node_global\node_modules;C:\envs\maven\apache-maven-3.6.3\bin;C:\envs\tomcat\apache-tomcat-10.1.15\bin;C:\envs\mysql\mysql-8.1.0-winx64\bin;C:\Program Files\Google\Chrome\Application\chrome.exe;C:\texlive\2023\bin\windows;C:\envs\nginx-1.24.0;C:\envs\natapp_windows_386_2_3_9;C:\envs\tomcat\apache-tomcat-10.1.15\bin;C:\envs\MinGW\bin;C:\ProgramData\anaconda3\Library\bin;C:\ProgramData\anaconda3;C:\ProgramData\anaconda3\Scripts;C:\software\NetSarang\Xshell 7\;C:\software\NetSarang\Xftp 7\;C:\software\Git\cmd;C:\Users\CHaron\AppData\Local\Microsoft\WindowsApps;C:\software\Microsoft VS Code\bin;C:\software\JetBrains\IntelliJ IDEA 2022.2.3\bin;C:\software\JetBrains\PyCharm 2022.2.3\bin;C:\envs\nodejs\node_global;C:\Users\CHaron\AppData\Local\GitHubDesktop\bin;C:\software\cpolar\;."/>
    <property name="java.vm.info" value="mixed mode, sharing"/>
    <property name="java.vendor" value="Oracle Corporation"/>
    <property name="java.vm.version" value="17.0.8+9-LTS-211"/>
    <property name="sun.io.unicode.encoding" value="UnicodeLittle"/>
    <property name="java.class.version" value="61.0"/>
  </properties>
  <testcase name="contextLoads" classname="com.friend.PerkApplicationTests" time="2.092">
    <system-out><![CDATA[15:45:04.126 [main] INFO org.springframework.test.context.support.AnnotationConfigContextLoaderUtils -- Could not detect default configuration classes for test class [com.friend.PerkApplicationTests]: PerkApplicationTests does not declare any static, non-private, non-final, nested classes annotated with @Configuration.
15:45:04.343 [main] INFO org.springframework.boot.test.context.SpringBootTestContextBootstrapper -- Found @SpringBootConfiguration com.friend.PerkApplication for test class com.friend.PerkApplicationTests

  .   ____          _            __ _ _
 /\\ / ___'_ __ _ _(_)_ __  __ _ \ \ \ \
( ( )\___ | '_ | '_| | '_ \/ _` | \ \ \ \
 \\/  ___)| |_)| | | | | || (_| |  ) ) ) )
  '  |____| .__|_| |_|_| |_\__, | / / / /
 =========|_|==============|___/=/_/_/_/
 :: Spring Boot ::                (v3.1.5)

2023-11-21T15:45:05.256+08:00  INFO 6276 --- [           main] com.friend.PerkApplicationTests          : Starting PerkApplicationTests using Java 17.0.8 with PID 6276 (started by CHaron in C:\Users\CHaron\Desktop\CENTRAL PERK\perk)
2023-11-21T15:45:05.259+08:00  INFO 6276 --- [           main] com.friend.PerkApplicationTests          : No active profile set, falling back to 1 default profile: "default"
2023-11-21T15:45:09.182+08:00  INFO 6276 --- [           main] com.friend.PerkApplicationTests          : Started PerkApplicationTests in 4.536 seconds (process running for 6.503)
]]></system-out>
  </testcase>
</testsuite>